[debug] [2025-07-22T12:39:16.030Z] ----------------------------------------------------------------------
[debug] [2025-07-22T12:39:16.031Z] Command:       /opt/homebrew/Cellar/node/23.7.0/bin/node /opt/homebrew/bin/firebase init firestore
[debug] [2025-07-22T12:39:16.031Z] CLI Version:   14.6.0
[debug] [2025-07-22T12:39:16.031Z] Platform:      darwin
[debug] [2025-07-22T12:39:16.031Z] Node Version:  v23.7.0
[debug] [2025-07-22T12:39:16.031Z] Time:          Tue Jul 22 2025 14:39:16 GMT+0200 (Central European Summer Time)
[debug] [2025-07-22T12:39:16.031Z] ----------------------------------------------------------------------
[debug] 
[debug] [2025-07-22T12:39:16.034Z] > command requires scopes: ["email","openid","https://www.googleapis.com/auth/cloudplatformprojects.readonly","https://www.googleapis.com/auth/firebase","https://www.googleapis.com/auth/cloud-platform"]
[debug] [2025-07-22T12:39:16.034Z] > authorizing via signed-in user (johnbanks8888@gmail.com)
[info] 
     ######## #### ########  ######## ########     ###     ######  ########
     ##        ##  ##     ## ##       ##     ##  ##   ##  ##       ##
     ######    ##  ########  ######   ########  #########  ######  ######
     ##        ##  ##    ##  ##       ##     ## ##     ##       ## ##
     ##       #### ##     ## ######## ########  ##     ##  ######  ########

You're about to initialize a Firebase project in this directory:

  /Users/JackEllis/TV Editor Finder

[info] 
=== Project Setup
[info] 
[info] First, let's associate this project directory with a Firebase project.
[info] You can create multiple project aliases by running firebase use --add, 
[info] but for now we'll just set up a default project.
[info] 
[debug] [2025-07-22T12:39:23.725Z] Checked if tokens are valid: true, expires at: 1753191501141
[debug] [2025-07-22T12:39:23.725Z] Checked if tokens are valid: true, expires at: 1753191501141
[debug] [2025-07-22T12:39:23.726Z] >>> [apiv2][query] GET https://firebase.googleapis.com/v1beta1/projects pageSize=100
[debug] [2025-07-22T12:39:24.162Z] <<< [apiv2][status] GET https://firebase.googleapis.com/v1beta1/projects 200
[debug] [2025-07-22T12:39:24.163Z] <<< [apiv2][body] GET https://firebase.googleapis.com/v1beta1/projects [omitted]
